Starting Aptos to Lumio rebranding...
This script will:
  - Replace Aptos with Lumio (case-sensitive)
  - PRESERVE all copyright headers and license identifiers

Searching for files to process...
✓ Updated: ./crates/aptos-rosetta/src/types/requests.rs (18 replacements)
✓ Updated: ./crates/aptos-rosetta/src/construction.rs (16 replacements)
✓ Updated: ./crates/aptos-rosetta/src/test/mod.rs (5 replacements)
✓ Updated: ./crates/aptos-rosetta/src/client.rs (3 replacements)
✓ Updated: ./crates/aptos-rosetta/src/error.rs (23 replacements)
✓ Updated: ./crates/aptos-rosetta/src/lib.rs (12 replacements)
✓ Updated: ./crates/aptos-rosetta/src/account.rs (12 replacements)
✓ Updated: ./crates/aptos-rosetta/src/block.rs (8 replacements)
✓ Updated: ./crates/aptos-rosetta/src/main.rs (29 replacements)
✓ Updated: ./crates/aptos-rosetta/src/network.rs (1 replacements)
✓ Updated: ./crates/aptos-rosetta/src/common.rs (14 replacements)
✓ Updated: ./crates/jwk-utils/Cargo.toml (2 replacements)
✓ Updated: ./crates/jwk-utils/src/lib.rs (1 replacements)
✓ Updated: ./crates/aptos-debugger/Cargo.toml (6 replacements)
✓ Updated: ./crates/aptos-debugger/src/lib.rs (5 replacements)
✓ Updated: ./crates/aptos-debugger/src/main.rs (3 replacements)
✓ Updated: ./crates/aptos-network-checker/Cargo.toml (7 replacements)
✓ Updated: ./crates/aptos-network-checker/src/check_endpoint.rs (5 replacements)
✓ Updated: ./crates/aptos-network-checker/src/args.rs (3 replacements)
✓ Updated: ./crates/aptos-bitvec/Cargo.toml (2 replacements)
✓ Updated: ./crates/aptos-bitvec/src/lib.rs (1 replacements)
✓ Updated: ./crates/aptos-node-identity/Cargo.toml (2 replacements)
✓ Updated: ./crates/aptos-node-identity/src/lib.rs (19 replacements)
✓ Updated: ./crates/aptos-compression/Cargo.toml (6 replacements)
